
Aborted!
Traceback (most recent call last):
  File "/home/sande/anaconda3/envs/atacpipe/lib/python3.7/site-packages/pkg_resources/__init__.py", line 3012, in _dep_map
    return self.__dep_map
  File "/home/sande/anaconda3/envs/atacpipe/lib/python3.7/site-packages/pkg_resources/__init__.py", line 2806, in __getattr__
    raise AttributeError(attr)
AttributeError: _DistInfoDistribution__dep_map

During handling of the above exception, another exception occurred:

Traceback (most recent call last):
  File "/home/sande/anaconda3/envs/atacpipe/lib/python3.7/site-packages/pkg_resources/__init__.py", line 3003, in _parsed_pkg_info
    return self._pkg_info
  File "/home/sande/anaconda3/envs/atacpipe/lib/python3.7/site-packages/pkg_resources/__init__.py", line 2806, in __getattr__
    raise AttributeError(attr)
AttributeError: _pkg_info

During handling of the above exception, another exception occurred:

Traceback (most recent call last):
  File "/home/sande/anaconda3/envs/atacpipe/bin/genomepy", line 6, in <module>
    from pkg_resources import load_entry_point
  File "/home/sande/anaconda3/envs/atacpipe/lib/python3.7/site-packages/pkg_resources/__init__.py", line 3241, in <module>
    @_call_aside
  File "/home/sande/anaconda3/envs/atacpipe/lib/python3.7/site-packages/pkg_resources/__init__.py", line 3225, in _call_aside
    f(*args, **kwargs)
  File "/home/sande/anaconda3/envs/atacpipe/lib/python3.7/site-packages/pkg_resources/__init__.py", line 3254, in _initialize_master_working_set
    working_set = WorkingSet._build_master()
  File "/home/sande/anaconda3/envs/atacpipe/lib/python3.7/site-packages/pkg_resources/__init__.py", line 583, in _build_master
    ws.require(__requires__)
  File "/home/sande/anaconda3/envs/atacpipe/lib/python3.7/site-packages/pkg_resources/__init__.py", line 900, in require
    needed = self.resolve(parse_requirements(requirements))
  File "/home/sande/anaconda3/envs/atacpipe/lib/python3.7/site-packages/pkg_resources/__init__.py", line 794, in resolve
    new_requirements = dist.requires(req.extras)[::-1]
  File "/home/sande/anaconda3/envs/atacpipe/lib/python3.7/site-packages/pkg_resources/__init__.py", line 2727, in requires
    dm = self._dep_map
  File "/home/sande/anaconda3/envs/atacpipe/lib/python3.7/site-packages/pkg_resources/__init__.py", line 3014, in _dep_map
    self.__dep_map = self._compute_dependencies()
  File "/home/sande/anaconda3/envs/atacpipe/lib/python3.7/site-packages/pkg_resources/__init__.py", line 3023, in _compute_dependencies
    for req in self._parsed_pkg_info.get_all('Requires-Dist') or []:
  File "/home/sande/anaconda3/envs/atacpipe/lib/python3.7/site-packages/pkg_resources/__init__.py", line 3006, in _parsed_pkg_info
    self._pkg_info = email.parser.Parser().parsestr(metadata)
  File "/home/sande/anaconda3/envs/atacpipe/lib/python3.7/email/parser.py", line 68, in parsestr
    return self.parse(StringIO(text), headersonly=headersonly)
  File "/home/sande/anaconda3/envs/atacpipe/lib/python3.7/email/parser.py", line 57, in parse
    feedparser.feed(data)
  File "/home/sande/anaconda3/envs/atacpipe/lib/python3.7/email/feedparser.py", line 176, in feed
    self._call_parse()
  File "/home/sande/anaconda3/envs/atacpipe/lib/python3.7/email/feedparser.py", line 180, in _call_parse
    self._parse()
  File "/home/sande/anaconda3/envs/atacpipe/lib/python3.7/email/feedparser.py", line 464, in _parsegen
    for line in self._input:
KeyboardInterrupt
Traceback (most recent call last):
  File "/home/sande/anaconda3/envs/atacpipe/bin/genomepy", line 11, in <module>
    load_entry_point('genomepy==0.5.5', 'console_scripts', 'genomepy')()
  File "/home/sande/anaconda3/envs/atacpipe/lib/python3.7/site-packages/pkg_resources/__init__.py", line 489, in load_entry_point
    return get_distribution(dist).load_entry_point(group, name)
  File "/home/sande/anaconda3/envs/atacpipe/lib/python3.7/site-packages/pkg_resources/__init__.py", line 2843, in load_entry_point
    return ep.load()
  File "/home/sande/anaconda3/envs/atacpipe/lib/python3.7/site-packages/pkg_resources/__init__.py", line 2434, in load
    return self.resolve()
  File "/home/sande/anaconda3/envs/atacpipe/lib/python3.7/site-packages/pkg_resources/__init__.py", line 2440, in resolve
    module = __import__(self.module_name, fromlist=['__name__'], level=0)
  File "/home/sande/anaconda3/envs/atacpipe/lib/python3.7/site-packages/genomepy/__init__.py", line 2, in <module>
    from genomepy.functions import (
  File "/home/sande/anaconda3/envs/atacpipe/lib/python3.7/site-packages/genomepy/functions.py", line 12, in <module>
    from genomepy.provider import ProviderBase
  File "/home/sande/anaconda3/envs/atacpipe/lib/python3.7/site-packages/genomepy/provider.py", line 3, in <module>
    import requests
  File "/home/sande/anaconda3/envs/atacpipe/lib/python3.7/site-packages/requests/__init__.py", line 44, in <module>
    import chardet
  File "/home/sande/anaconda3/envs/atacpipe/lib/python3.7/site-packages/chardet/__init__.py", line 20, in <module>
    from .universaldetector import UniversalDetector
  File "/home/sande/anaconda3/envs/atacpipe/lib/python3.7/site-packages/chardet/universaldetector.py", line 45, in <module>
    from .escprober import EscCharSetProber
  File "<frozen importlib._bootstrap>", line 983, in _find_and_load
  File "<frozen importlib._bootstrap>", line 963, in _find_and_load_unlocked
  File "<frozen importlib._bootstrap>", line 906, in _find_spec
  File "<frozen importlib._bootstrap>", line 794, in find_spec
KeyboardInterrupt
